<?xml version="1.0" encoding="UTF-8"?>
<testsuite xmlns:xsi="http://www.w3.org/2001/XMLSchema-instance" xsi:noNamespaceSchemaLocation="https://maven.apache.org/surefire/maven-surefire-plugin/xsd/surefire-test-report.xsd" name="com.yqn.CampusGangApplicationTests" time="4.411" tests="1" errors="0" skipped="0" failures="0">
  <properties>
    <property name="gopherProxySet" value="false"/>
    <property name="awt.toolkit" value="sun.lwawt.macosx.LWCToolkit"/>
    <property name="file.encoding.pkg" value="sun.io"/>
    <property name="java.specification.version" value="1.8"/>
    <property name="sun.cpu.isalist" value=""/>
    <property name="sun.jnu.encoding" value="UTF-8"/>
    <property name="java.class.path" value="/Users/sunxianchao/Desktop/SpringBoot/项目/源项目/校园跑腿/源文件/校园帮api+web/campus-gang-api-master/target/test-classes:/Users/sunxianchao/Desktop/SpringBoot/项目/源项目/校园跑腿/源文件/校园帮api+web/campus-gang-api-master/target/classes:/Users/sunxianchao/.m2/repository/org/springframework/boot/spring-boot-starter-web/2.5.0/spring-boot-starter-web-2.5.0.jar:/Users/sunxianchao/.m2/repository/org/springframework/boot/spring-boot-starter/2.5.0/spring-boot-starter-2.5.0.jar:/Users/sunxianchao/.m2/repository/org/springframework/boot/spring-boot/2.5.0/spring-boot-2.5.0.jar:/Users/sunxianchao/.m2/repository/jakarta/annotation/jakarta.annotation-api/1.3.5/jakarta.annotation-api-1.3.5.jar:/Users/sunxianchao/.m2/repository/org/yaml/snakeyaml/1.28/snakeyaml-1.28.jar:/Users/sunxianchao/.m2/repository/org/springframework/boot/spring-boot-starter-json/2.5.0/spring-boot-starter-json-2.5.0.jar:/Users/sunxianchao/.m2/repository/com/fasterxml/jackson/core/jackson-databind/2.12.3/jackson-databind-2.12.3.jar:/Users/sunxianchao/.m2/repository/com/fasterxml/jackson/core/jackson-annotations/2.12.3/jackson-annotations-2.12.3.jar:/Users/sunxianchao/.m2/repository/com/fasterxml/jackson/core/jackson-core/2.12.3/jackson-core-2.12.3.jar:/Users/sunxianchao/.m2/repository/com/fasterxml/jackson/datatype/jackson-datatype-jdk8/2.12.3/jackson-datatype-jdk8-2.12.3.jar:/Users/sunxianchao/.m2/repository/com/fasterxml/jackson/datatype/jackson-datatype-jsr310/2.12.3/jackson-datatype-jsr310-2.12.3.jar:/Users/sunxianchao/.m2/repository/com/fasterxml/jackson/module/jackson-module-parameter-names/2.12.3/jackson-module-parameter-names-2.12.3.jar:/Users/sunxianchao/.m2/repository/org/springframework/boot/spring-boot-starter-tomcat/2.5.0/spring-boot-starter-tomcat-2.5.0.jar:/Users/sunxianchao/.m2/repository/org/apache/tomcat/embed/tomcat-embed-core/9.0.46/tomcat-embed-core-9.0.46.jar:/Users/sunxianchao/.m2/repository/org/apache/tomcat/embed/tomcat-embed-el/9.0.46/tomcat-embed-el-9.0.46.jar:/Users/sunxianchao/.m2/repository/org/apache/tomcat/embed/tomcat-embed-websocket/9.0.46/tomcat-embed-websocket-9.0.46.jar:/Users/sunxianchao/.m2/repository/org/springframework/spring-web/5.3.7/spring-web-5.3.7.jar:/Users/sunxianchao/.m2/repository/org/springframework/spring-beans/5.3.7/spring-beans-5.3.7.jar:/Users/sunxianchao/.m2/repository/org/springframework/spring-webmvc/5.3.7/spring-webmvc-5.3.7.jar:/Users/sunxianchao/.m2/repository/org/springframework/spring-aop/5.3.7/spring-aop-5.3.7.jar:/Users/sunxianchao/.m2/repository/org/springframework/spring-context/5.3.7/spring-context-5.3.7.jar:/Users/sunxianchao/.m2/repository/org/springframework/spring-expression/5.3.7/spring-expression-5.3.7.jar:/Users/sunxianchao/.m2/repository/org/springframework/boot/spring-boot-starter-logging/2.5.0/spring-boot-starter-logging-2.5.0.jar:/Users/sunxianchao/.m2/repository/ch/qos/logback/logback-classic/1.2.3/logback-classic-1.2.3.jar:/Users/sunxianchao/.m2/repository/ch/qos/logback/logback-core/1.2.3/logback-core-1.2.3.jar:/Users/sunxianchao/.m2/repository/org/apache/logging/log4j/log4j-to-slf4j/2.14.1/log4j-to-slf4j-2.14.1.jar:/Users/sunxianchao/.m2/repository/org/apache/logging/log4j/log4j-api/2.14.1/log4j-api-2.14.1.jar:/Users/sunxianchao/.m2/repository/org/slf4j/jul-to-slf4j/1.7.30/jul-to-slf4j-1.7.30.jar:/Users/sunxianchao/.m2/repository/org/springframework/boot/spring-boot-starter-data-redis/2.5.0/spring-boot-starter-data-redis-2.5.0.jar:/Users/sunxianchao/.m2/repository/org/springframework/data/spring-data-redis/2.5.1/spring-data-redis-2.5.1.jar:/Users/sunxianchao/.m2/repository/org/springframework/data/spring-data-keyvalue/2.5.1/spring-data-keyvalue-2.5.1.jar:/Users/sunxianchao/.m2/repository/org/springframework/data/spring-data-commons/2.5.1/spring-data-commons-2.5.1.jar:/Users/sunxianchao/.m2/repository/org/springframework/spring-tx/5.3.7/spring-tx-5.3.7.jar:/Users/sunxianchao/.m2/repository/org/springframework/spring-oxm/5.3.7/spring-oxm-5.3.7.jar:/Users/sunxianchao/.m2/repository/org/springframework/spring-context-support/5.3.7/spring-context-support-5.3.7.jar:/Users/sunxianchao/.m2/repository/io/lettuce/lettuce-core/6.1.2.RELEASE/lettuce-core-6.1.2.RELEASE.jar:/Users/sunxianchao/.m2/repository/io/netty/netty-common/4.1.65.Final/netty-common-4.1.65.Final.jar:/Users/sunxianchao/.m2/repository/io/netty/netty-handler/4.1.65.Final/netty-handler-4.1.65.Final.jar:/Users/sunxianchao/.m2/repository/io/netty/netty-resolver/4.1.65.Final/netty-resolver-4.1.65.Final.jar:/Users/sunxianchao/.m2/repository/io/netty/netty-buffer/4.1.65.Final/netty-buffer-4.1.65.Final.jar:/Users/sunxianchao/.m2/repository/io/netty/netty-codec/4.1.65.Final/netty-codec-4.1.65.Final.jar:/Users/sunxianchao/.m2/repository/io/netty/netty-transport/4.1.65.Final/netty-transport-4.1.65.Final.jar:/Users/sunxianchao/.m2/repository/io/projectreactor/reactor-core/3.4.6/reactor-core-3.4.6.jar:/Users/sunxianchao/.m2/repository/org/reactivestreams/reactive-streams/1.0.3/reactive-streams-1.0.3.jar:/Users/sunxianchao/.m2/repository/com/baomidou/mybatis-plus-boot-starter/3.4.3/mybatis-plus-boot-starter-3.4.3.jar:/Users/sunxianchao/.m2/repository/com/baomidou/mybatis-plus/3.4.3/mybatis-plus-3.4.3.jar:/Users/sunxianchao/.m2/repository/com/baomidou/mybatis-plus-extension/3.4.3/mybatis-plus-extension-3.4.3.jar:/Users/sunxianchao/.m2/repository/com/baomidou/mybatis-plus-core/3.4.3/mybatis-plus-core-3.4.3.jar:/Users/sunxianchao/.m2/repository/com/baomidou/mybatis-plus-annotation/3.4.3/mybatis-plus-annotation-3.4.3.jar:/Users/sunxianchao/.m2/repository/com/github/jsqlparser/jsqlparser/4.0/jsqlparser-4.0.jar:/Users/sunxianchao/.m2/repository/org/mybatis/mybatis/3.5.7/mybatis-3.5.7.jar:/Users/sunxianchao/.m2/repository/org/mybatis/mybatis-spring/2.0.6/mybatis-spring-2.0.6.jar:/Users/sunxianchao/.m2/repository/org/springframework/boot/spring-boot-autoconfigure/2.5.0/spring-boot-autoconfigure-2.5.0.jar:/Users/sunxianchao/.m2/repository/org/springframework/boot/spring-boot-starter-jdbc/2.5.0/spring-boot-starter-jdbc-2.5.0.jar:/Users/sunxianchao/.m2/repository/com/zaxxer/HikariCP/4.0.3/HikariCP-4.0.3.jar:/Users/sunxianchao/.m2/repository/org/springframework/spring-jdbc/5.3.7/spring-jdbc-5.3.7.jar:/Users/sunxianchao/.m2/repository/mysql/mysql-connector-java/8.0.18/mysql-connector-java-8.0.18.jar:/Users/sunxianchao/.m2/repository/com/alibaba/druid-spring-boot-starter/1.2.6/druid-spring-boot-starter-1.2.6.jar:/Users/sunxianchao/.m2/repository/com/alibaba/druid/1.2.6/druid-1.2.6.jar:/Users/sunxianchao/.m2/repository/org/slf4j/slf4j-api/1.7.30/slf4j-api-1.7.30.jar:/Users/sunxianchao/.m2/repository/org/springframework/boot/spring-boot-configuration-processor/2.5.0/spring-boot-configuration-processor-2.5.0.jar:/Users/sunxianchao/.m2/repository/org/projectlombok/lombok/1.18.20/lombok-1.18.20.jar:/Users/sunxianchao/.m2/repository/org/springframework/boot/spring-boot-starter-test/2.5.0/spring-boot-starter-test-2.5.0.jar:/Users/sunxianchao/.m2/repository/org/springframework/boot/spring-boot-test/2.5.0/spring-boot-test-2.5.0.jar:/Users/sunxianchao/.m2/repository/org/springframework/boot/spring-boot-test-autoconfigure/2.5.0/spring-boot-test-autoconfigure-2.5.0.jar:/Users/sunxianchao/.m2/repository/com/jayway/jsonpath/json-path/2.5.0/json-path-2.5.0.jar:/Users/sunxianchao/.m2/repository/net/minidev/json-smart/2.4.7/json-smart-2.4.7.jar:/Users/sunxianchao/.m2/repository/net/minidev/accessors-smart/2.4.7/accessors-smart-2.4.7.jar:/Users/sunxianchao/.m2/repository/org/ow2/asm/asm/9.1/asm-9.1.jar:/Users/sunxianchao/.m2/repository/jakarta/xml/bind/jakarta.xml.bind-api/2.3.3/jakarta.xml.bind-api-2.3.3.jar:/Users/sunxianchao/.m2/repository/jakarta/activation/jakarta.activation-api/1.2.2/jakarta.activation-api-1.2.2.jar:/Users/sunxianchao/.m2/repository/org/assertj/assertj-core/3.19.0/assertj-core-3.19.0.jar:/Users/sunxianchao/.m2/repository/org/hamcrest/hamcrest/2.2/hamcrest-2.2.jar:/Users/sunxianchao/.m2/repository/org/junit/jupiter/junit-jupiter/5.7.2/junit-jupiter-5.7.2.jar:/Users/sunxianchao/.m2/repository/org/junit/jupiter/junit-jupiter-api/5.7.2/junit-jupiter-api-5.7.2.jar:/Users/sunxianchao/.m2/repository/org/apiguardian/apiguardian-api/1.1.0/apiguardian-api-1.1.0.jar:/Users/sunxianchao/.m2/repository/org/opentest4j/opentest4j/1.2.0/opentest4j-1.2.0.jar:/Users/sunxianchao/.m2/repository/org/junit/platform/junit-platform-commons/1.7.2/junit-platform-commons-1.7.2.jar:/Users/sunxianchao/.m2/repository/org/junit/jupiter/junit-jupiter-params/5.7.2/junit-jupiter-params-5.7.2.jar:/Users/sunxianchao/.m2/repository/org/junit/jupiter/junit-jupiter-engine/5.7.2/junit-jupiter-engine-5.7.2.jar:/Users/sunxianchao/.m2/repository/org/junit/platform/junit-platform-engine/1.7.2/junit-platform-engine-1.7.2.jar:/Users/sunxianchao/.m2/repository/org/mockito/mockito-core/3.9.0/mockito-core-3.9.0.jar:/Users/sunxianchao/.m2/repository/net/bytebuddy/byte-buddy/1.10.22/byte-buddy-1.10.22.jar:/Users/sunxianchao/.m2/repository/net/bytebuddy/byte-buddy-agent/1.10.22/byte-buddy-agent-1.10.22.jar:/Users/sunxianchao/.m2/repository/org/objenesis/objenesis/3.2/objenesis-3.2.jar:/Users/sunxianchao/.m2/repository/org/mockito/mockito-junit-jupiter/3.9.0/mockito-junit-jupiter-3.9.0.jar:/Users/sunxianchao/.m2/repository/org/skyscreamer/jsonassert/1.5.0/jsonassert-1.5.0.jar:/Users/sunxianchao/.m2/repository/com/vaadin/external/google/android-json/0.0.20131108.vaadin1/android-json-0.0.20131108.vaadin1.jar:/Users/sunxianchao/.m2/repository/org/springframework/spring-core/5.3.7/spring-core-5.3.7.jar:/Users/sunxianchao/.m2/repository/org/springframework/spring-jcl/5.3.7/spring-jcl-5.3.7.jar:/Users/sunxianchao/.m2/repository/org/springframework/spring-test/5.3.7/spring-test-5.3.7.jar:/Users/sunxianchao/.m2/repository/org/xmlunit/xmlunit-core/2.8.2/xmlunit-core-2.8.2.jar:"/>
    <property name="java.vm.vendor" value="Oracle Corporation"/>
    <property name="sun.arch.data.model" value="64"/>
    <property name="java.vendor.url" value="http://java.oracle.com/"/>
    <property name="user.timezone" value=""/>
    <property name="java.vm.specification.version" value="1.8"/>
    <property name="os.name" value="Mac OS X"/>
    <property name="user.country" value="CN"/>
    <property name="sun.java.launcher" value="SUN_STANDARD"/>
    <property name="sun.boot.library.path" value="/Library/Java/JavaVirtualMachines/jdk1.8.0_201.jdk/Contents/Home/jre/lib"/>
    <property name="sun.java.command" value="/Users/sunxianchao/Desktop/SpringBoot/项目/源项目/校园跑腿/源文件/校园帮api+web/campus-gang-api-master/target/surefire/surefirebooter4437397788518450408.jar /Users/sunxianchao/Desktop/SpringBoot/项目/源项目/校园跑腿/源文件/校园帮api+web/campus-gang-api-master/target/surefire 2021-11-03T15-29-52_712-jvmRun1 surefire1137227813357873842tmp surefire_08005763605643069386tmp"/>
    <property name="http.nonProxyHosts" value="local|*.local|169.254/16|*.169.254/16"/>
    <property name="surefire.test.class.path" value="/Users/sunxianchao/Desktop/SpringBoot/项目/源项目/校园跑腿/源文件/校园帮api+web/campus-gang-api-master/target/test-classes:/Users/sunxianchao/Desktop/SpringBoot/项目/源项目/校园跑腿/源文件/校园帮api+web/campus-gang-api-master/target/classes:/Users/sunxianchao/.m2/repository/org/springframework/boot/spring-boot-starter-web/2.5.0/spring-boot-starter-web-2.5.0.jar:/Users/sunxianchao/.m2/repository/org/springframework/boot/spring-boot-starter/2.5.0/spring-boot-starter-2.5.0.jar:/Users/sunxianchao/.m2/repository/org/springframework/boot/spring-boot/2.5.0/spring-boot-2.5.0.jar:/Users/sunxianchao/.m2/repository/jakarta/annotation/jakarta.annotation-api/1.3.5/jakarta.annotation-api-1.3.5.jar:/Users/sunxianchao/.m2/repository/org/yaml/snakeyaml/1.28/snakeyaml-1.28.jar:/Users/sunxianchao/.m2/repository/org/springframework/boot/spring-boot-starter-json/2.5.0/spring-boot-starter-json-2.5.0.jar:/Users/sunxianchao/.m2/repository/com/fasterxml/jackson/core/jackson-databind/2.12.3/jackson-databind-2.12.3.jar:/Users/sunxianchao/.m2/repository/com/fasterxml/jackson/core/jackson-annotations/2.12.3/jackson-annotations-2.12.3.jar:/Users/sunxianchao/.m2/repository/com/fasterxml/jackson/core/jackson-core/2.12.3/jackson-core-2.12.3.jar:/Users/sunxianchao/.m2/repository/com/fasterxml/jackson/datatype/jackson-datatype-jdk8/2.12.3/jackson-datatype-jdk8-2.12.3.jar:/Users/sunxianchao/.m2/repository/com/fasterxml/jackson/datatype/jackson-datatype-jsr310/2.12.3/jackson-datatype-jsr310-2.12.3.jar:/Users/sunxianchao/.m2/repository/com/fasterxml/jackson/module/jackson-module-parameter-names/2.12.3/jackson-module-parameter-names-2.12.3.jar:/Users/sunxianchao/.m2/repository/org/springframework/boot/spring-boot-starter-tomcat/2.5.0/spring-boot-starter-tomcat-2.5.0.jar:/Users/sunxianchao/.m2/repository/org/apache/tomcat/embed/tomcat-embed-core/9.0.46/tomcat-embed-core-9.0.46.jar:/Users/sunxianchao/.m2/repository/org/apache/tomcat/embed/tomcat-embed-el/9.0.46/tomcat-embed-el-9.0.46.jar:/Users/sunxianchao/.m2/repository/org/apache/tomcat/embed/tomcat-embed-websocket/9.0.46/tomcat-embed-websocket-9.0.46.jar:/Users/sunxianchao/.m2/repository/org/springframework/spring-web/5.3.7/spring-web-5.3.7.jar:/Users/sunxianchao/.m2/repository/org/springframework/spring-beans/5.3.7/spring-beans-5.3.7.jar:/Users/sunxianchao/.m2/repository/org/springframework/spring-webmvc/5.3.7/spring-webmvc-5.3.7.jar:/Users/sunxianchao/.m2/repository/org/springframework/spring-aop/5.3.7/spring-aop-5.3.7.jar:/Users/sunxianchao/.m2/repository/org/springframework/spring-context/5.3.7/spring-context-5.3.7.jar:/Users/sunxianchao/.m2/repository/org/springframework/spring-expression/5.3.7/spring-expression-5.3.7.jar:/Users/sunxianchao/.m2/repository/org/springframework/boot/spring-boot-starter-logging/2.5.0/spring-boot-starter-logging-2.5.0.jar:/Users/sunxianchao/.m2/repository/ch/qos/logback/logback-classic/1.2.3/logback-classic-1.2.3.jar:/Users/sunxianchao/.m2/repository/ch/qos/logback/logback-core/1.2.3/logback-core-1.2.3.jar:/Users/sunxianchao/.m2/repository/org/apache/logging/log4j/log4j-to-slf4j/2.14.1/log4j-to-slf4j-2.14.1.jar:/Users/sunxianchao/.m2/repository/org/apache/logging/log4j/log4j-api/2.14.1/log4j-api-2.14.1.jar:/Users/sunxianchao/.m2/repository/org/slf4j/jul-to-slf4j/1.7.30/jul-to-slf4j-1.7.30.jar:/Users/sunxianchao/.m2/repository/org/springframework/boot/spring-boot-starter-data-redis/2.5.0/spring-boot-starter-data-redis-2.5.0.jar:/Users/sunxianchao/.m2/repository/org/springframework/data/spring-data-redis/2.5.1/spring-data-redis-2.5.1.jar:/Users/sunxianchao/.m2/repository/org/springframework/data/spring-data-keyvalue/2.5.1/spring-data-keyvalue-2.5.1.jar:/Users/sunxianchao/.m2/repository/org/springframework/data/spring-data-commons/2.5.1/spring-data-commons-2.5.1.jar:/Users/sunxianchao/.m2/repository/org/springframework/spring-tx/5.3.7/spring-tx-5.3.7.jar:/Users/sunxianchao/.m2/repository/org/springframework/spring-oxm/5.3.7/spring-oxm-5.3.7.jar:/Users/sunxianchao/.m2/repository/org/springframework/spring-context-support/5.3.7/spring-context-support-5.3.7.jar:/Users/sunxianchao/.m2/repository/io/lettuce/lettuce-core/6.1.2.RELEASE/lettuce-core-6.1.2.RELEASE.jar:/Users/sunxianchao/.m2/repository/io/netty/netty-common/4.1.65.Final/netty-common-4.1.65.Final.jar:/Users/sunxianchao/.m2/repository/io/netty/netty-handler/4.1.65.Final/netty-handler-4.1.65.Final.jar:/Users/sunxianchao/.m2/repository/io/netty/netty-resolver/4.1.65.Final/netty-resolver-4.1.65.Final.jar:/Users/sunxianchao/.m2/repository/io/netty/netty-buffer/4.1.65.Final/netty-buffer-4.1.65.Final.jar:/Users/sunxianchao/.m2/repository/io/netty/netty-codec/4.1.65.Final/netty-codec-4.1.65.Final.jar:/Users/sunxianchao/.m2/repository/io/netty/netty-transport/4.1.65.Final/netty-transport-4.1.65.Final.jar:/Users/sunxianchao/.m2/repository/io/projectreactor/reactor-core/3.4.6/reactor-core-3.4.6.jar:/Users/sunxianchao/.m2/repository/org/reactivestreams/reactive-streams/1.0.3/reactive-streams-1.0.3.jar:/Users/sunxianchao/.m2/repository/com/baomidou/mybatis-plus-boot-starter/3.4.3/mybatis-plus-boot-starter-3.4.3.jar:/Users/sunxianchao/.m2/repository/com/baomidou/mybatis-plus/3.4.3/mybatis-plus-3.4.3.jar:/Users/sunxianchao/.m2/repository/com/baomidou/mybatis-plus-extension/3.4.3/mybatis-plus-extension-3.4.3.jar:/Users/sunxianchao/.m2/repository/com/baomidou/mybatis-plus-core/3.4.3/mybatis-plus-core-3.4.3.jar:/Users/sunxianchao/.m2/repository/com/baomidou/mybatis-plus-annotation/3.4.3/mybatis-plus-annotation-3.4.3.jar:/Users/sunxianchao/.m2/repository/com/github/jsqlparser/jsqlparser/4.0/jsqlparser-4.0.jar:/Users/sunxianchao/.m2/repository/org/mybatis/mybatis/3.5.7/mybatis-3.5.7.jar:/Users/sunxianchao/.m2/repository/org/mybatis/mybatis-spring/2.0.6/mybatis-spring-2.0.6.jar:/Users/sunxianchao/.m2/repository/org/springframework/boot/spring-boot-autoconfigure/2.5.0/spring-boot-autoconfigure-2.5.0.jar:/Users/sunxianchao/.m2/repository/org/springframework/boot/spring-boot-starter-jdbc/2.5.0/spring-boot-starter-jdbc-2.5.0.jar:/Users/sunxianchao/.m2/repository/com/zaxxer/HikariCP/4.0.3/HikariCP-4.0.3.jar:/Users/sunxianchao/.m2/repository/org/springframework/spring-jdbc/5.3.7/spring-jdbc-5.3.7.jar:/Users/sunxianchao/.m2/repository/mysql/mysql-connector-java/8.0.18/mysql-connector-java-8.0.18.jar:/Users/sunxianchao/.m2/repository/com/alibaba/druid-spring-boot-starter/1.2.6/druid-spring-boot-starter-1.2.6.jar:/Users/sunxianchao/.m2/repository/com/alibaba/druid/1.2.6/druid-1.2.6.jar:/Users/sunxianchao/.m2/repository/org/slf4j/slf4j-api/1.7.30/slf4j-api-1.7.30.jar:/Users/sunxianchao/.m2/repository/org/springframework/boot/spring-boot-configuration-processor/2.5.0/spring-boot-configuration-processor-2.5.0.jar:/Users/sunxianchao/.m2/repository/org/projectlombok/lombok/1.18.20/lombok-1.18.20.jar:/Users/sunxianchao/.m2/repository/org/springframework/boot/spring-boot-starter-test/2.5.0/spring-boot-starter-test-2.5.0.jar:/Users/sunxianchao/.m2/repository/org/springframework/boot/spring-boot-test/2.5.0/spring-boot-test-2.5.0.jar:/Users/sunxianchao/.m2/repository/org/springframework/boot/spring-boot-test-autoconfigure/2.5.0/spring-boot-test-autoconfigure-2.5.0.jar:/Users/sunxianchao/.m2/repository/com/jayway/jsonpath/json-path/2.5.0/json-path-2.5.0.jar:/Users/sunxianchao/.m2/repository/net/minidev/json-smart/2.4.7/json-smart-2.4.7.jar:/Users/sunxianchao/.m2/repository/net/minidev/accessors-smart/2.4.7/accessors-smart-2.4.7.jar:/Users/sunxianchao/.m2/repository/org/ow2/asm/asm/9.1/asm-9.1.jar:/Users/sunxianchao/.m2/repository/jakarta/xml/bind/jakarta.xml.bind-api/2.3.3/jakarta.xml.bind-api-2.3.3.jar:/Users/sunxianchao/.m2/repository/jakarta/activation/jakarta.activation-api/1.2.2/jakarta.activation-api-1.2.2.jar:/Users/sunxianchao/.m2/repository/org/assertj/assertj-core/3.19.0/assertj-core-3.19.0.jar:/Users/sunxianchao/.m2/repository/org/hamcrest/hamcrest/2.2/hamcrest-2.2.jar:/Users/sunxianchao/.m2/repository/org/junit/jupiter/junit-jupiter/5.7.2/junit-jupiter-5.7.2.jar:/Users/sunxianchao/.m2/repository/org/junit/jupiter/junit-jupiter-api/5.7.2/junit-jupiter-api-5.7.2.jar:/Users/sunxianchao/.m2/repository/org/apiguardian/apiguardian-api/1.1.0/apiguardian-api-1.1.0.jar:/Users/sunxianchao/.m2/repository/org/opentest4j/opentest4j/1.2.0/opentest4j-1.2.0.jar:/Users/sunxianchao/.m2/repository/org/junit/platform/junit-platform-commons/1.7.2/junit-platform-commons-1.7.2.jar:/Users/sunxianchao/.m2/repository/org/junit/jupiter/junit-jupiter-params/5.7.2/junit-jupiter-params-5.7.2.jar:/Users/sunxianchao/.m2/repository/org/junit/jupiter/junit-jupiter-engine/5.7.2/junit-jupiter-engine-5.7.2.jar:/Users/sunxianchao/.m2/repository/org/junit/platform/junit-platform-engine/1.7.2/junit-platform-engine-1.7.2.jar:/Users/sunxianchao/.m2/repository/org/mockito/mockito-core/3.9.0/mockito-core-3.9.0.jar:/Users/sunxianchao/.m2/repository/net/bytebuddy/byte-buddy/1.10.22/byte-buddy-1.10.22.jar:/Users/sunxianchao/.m2/repository/net/bytebuddy/byte-buddy-agent/1.10.22/byte-buddy-agent-1.10.22.jar:/Users/sunxianchao/.m2/repository/org/objenesis/objenesis/3.2/objenesis-3.2.jar:/Users/sunxianchao/.m2/repository/org/mockito/mockito-junit-jupiter/3.9.0/mockito-junit-jupiter-3.9.0.jar:/Users/sunxianchao/.m2/repository/org/skyscreamer/jsonassert/1.5.0/jsonassert-1.5.0.jar:/Users/sunxianchao/.m2/repository/com/vaadin/external/google/android-json/0.0.20131108.vaadin1/android-json-0.0.20131108.vaadin1.jar:/Users/sunxianchao/.m2/repository/org/springframework/spring-core/5.3.7/spring-core-5.3.7.jar:/Users/sunxianchao/.m2/repository/org/springframework/spring-jcl/5.3.7/spring-jcl-5.3.7.jar:/Users/sunxianchao/.m2/repository/org/springframework/spring-test/5.3.7/spring-test-5.3.7.jar:/Users/sunxianchao/.m2/repository/org/xmlunit/xmlunit-core/2.8.2/xmlunit-core-2.8.2.jar:"/>
    <property name="sun.cpu.endian" value="little"/>
    <property name="user.home" value="/Users/sunxianchao"/>
    <property name="user.language" value="zh"/>
    <property name="java.specification.vendor" value="Oracle Corporation"/>
    <property name="java.home" value="/Library/Java/JavaVirtualMachines/jdk1.8.0_201.jdk/Contents/Home/jre"/>
    <property name="basedir" value="/Users/sunxianchao/Desktop/SpringBoot/项目/源项目/校园跑腿/源文件/校园帮api+web/campus-gang-api-master"/>
    <property name="file.separator" value="/"/>
    <property name="line.separator" value="&#10;"/>
    <property name="java.vm.specification.vendor" value="Oracle Corporation"/>
    <property name="java.specification.name" value="Java Platform API Specification"/>
    <property name="java.awt.graphicsenv" value="sun.awt.CGraphicsEnvironment"/>
    <property name="surefire.real.class.path" value="/Users/sunxianchao/Desktop/SpringBoot/项目/源项目/校园跑腿/源文件/校园帮api+web/campus-gang-api-master/target/surefire/surefirebooter4437397788518450408.jar"/>
    <property name="sun.boot.class.path" value="/Library/Java/JavaVirtualMachines/jdk1.8.0_201.jdk/Contents/Home/jre/lib/resources.jar:/Library/Java/JavaVirtualMachines/jdk1.8.0_201.jdk/Contents/Home/jre/lib/rt.jar:/Library/Java/JavaVirtualMachines/jdk1.8.0_201.jdk/Contents/Home/jre/lib/sunrsasign.jar:/Library/Java/JavaVirtualMachines/jdk1.8.0_201.jdk/Contents/Home/jre/lib/jsse.jar:/Library/Java/JavaVirtualMachines/jdk1.8.0_201.jdk/Contents/Home/jre/lib/jce.jar:/Library/Java/JavaVirtualMachines/jdk1.8.0_201.jdk/Contents/Home/jre/lib/charsets.jar:/Library/Java/JavaVirtualMachines/jdk1.8.0_201.jdk/Contents/Home/jre/lib/jfr.jar:/Library/Java/JavaVirtualMachines/jdk1.8.0_201.jdk/Contents/Home/jre/classes"/>
    <property name="sun.management.compiler" value="HotSpot 64-Bit Tiered Compilers"/>
    <property name="ftp.nonProxyHosts" value="local|*.local|169.254/16|*.169.254/16"/>
    <property name="java.runtime.version" value="1.8.0_201-b09"/>
    <property name="user.name" value="sunxianchao"/>
    <property name="path.separator" value=":"/>
    <property name="os.version" value="10.14.6"/>
    <property name="java.endorsed.dirs" value="/Library/Java/JavaVirtualMachines/jdk1.8.0_201.jdk/Contents/Home/jre/lib/endorsed"/>
    <property name="java.runtime.name" value="Java(TM) SE Runtime Environment"/>
    <property name="file.encoding" value="UTF-8"/>
    <property name="java.vm.name" value="Java HotSpot(TM) 64-Bit Server VM"/>
    <property name="localRepository" value="/Users/sunxianchao/.m2/repository"/>
    <property name="java.vendor.url.bug" value="http://bugreport.sun.com/bugreport/"/>
    <property name="java.io.tmpdir" value="/var/folders/l7/whzbk41s6vx8048syhq56nqc0000gn/T/"/>
    <property name="idea.version" value="2021.2.3"/>
    <property name="java.version" value="1.8.0_201"/>
    <property name="user.dir" value="/Users/sunxianchao/Desktop/SpringBoot/项目/源项目/校园跑腿/源文件/校园帮api+web/campus-gang-api-master"/>
    <property name="os.arch" value="x86_64"/>
    <property name="java.vm.specification.name" value="Java Virtual Machine Specification"/>
    <property name="java.awt.printerjob" value="sun.lwawt.macosx.CPrinterJob"/>
    <property name="sun.os.patch.level" value="unknown"/>
    <property name="java.library.path" value="/Users/sunxianchao/Library/Java/Extensions:/Library/Java/Extensions:/Network/Library/Java/Extensions:/System/Library/Java/Extensions:/usr/lib/java:."/>
    <property name="java.vm.info" value="mixed mode"/>
    <property name="java.vendor" value="Oracle Corporation"/>
    <property name="java.vm.version" value="25.201-b09"/>
    <property name="java.ext.dirs" value="/Users/sunxianchao/Library/Java/Extensions:/Library/Java/JavaVirtualMachines/jdk1.8.0_201.jdk/Contents/Home/jre/lib/ext:/Library/Java/Extensions:/Network/Library/Java/Extensions:/System/Library/Java/Extensions:/usr/lib/java"/>
    <property name="sun.io.unicode.encoding" value="UnicodeBig"/>
    <property name="java.class.version" value="52.0"/>
    <property name="socksNonProxyHosts" value="local|*.local|169.254/16|*.169.254/16"/>
  </properties>
  <testcase name="contextLoads" classname="com.yqn.CampusGangApplicationTests" time="0.221"/>
</testsuite>